<?xml version="1.0" encoding="UTF-8"?>
<robot generator="Robot 5.0.1 (Python 3.8.10 on linux)" generated="20220525 21:30:05.390" rpa="false" schemaversion="3">
<suite id="s1" name="Robot-Api-Stc" source="/home/runner/work/robot-api-stc/robot-api-stc">
<suite id="s1-s1" name="Serverest" source="/home/runner/work/robot-api-stc/robot-api-stc/serverest">
<suite id="s1-s1-s1" name="Tests" source="/home/runner/work/robot-api-stc/robot-api-stc/serverest/tests">
<suite id="s1-s1-s1-s1" name="Schema-Tests" source="/home/runner/work/robot-api-stc/robot-api-stc/serverest/tests/schema-tests">
<suite id="s1-s1-s1-s1-s1" name="TestCarrinhosSchema" source="/home/runner/work/robot-api-stc/robot-api-stc/serverest/tests/schema-tests/TestCarrinhosSchema.robot">
<test id="s1-s1-s1-s1-s1-t1" name="Validate car API schema" line="9">
<kw name="Search All Carts" library="CarrinhoKW">
<doc>Used to search for all existing carts.</doc>
<kw name="Create Dictionary" library="BuiltIn">
<var>${headers}</var>
<arg>content-type=application/json</arg>
<doc>Creates and returns a dictionary based on the given ``items``.</doc>
<msg timestamp="20220525 21:30:05.864" level="INFO">${headers} = {'content-type': 'application/json'}</msg>
<status status="PASS" starttime="20220525 21:30:05.864" endtime="20220525 21:30:05.864"/>
</kw>
<kw name="Create Session" library="RequestsLibrary">
<arg>serveRest</arg>
<arg>${URL_DEV}</arg>
<arg>verify=True</arg>
<doc>Create Session: create a HTTP session to a server</doc>
<msg timestamp="20220525 21:30:05.865" level="INFO">Creating Session using : alias=serveRest, url=https://serverest.dev, headers={},                     cookies={}, auth=None, timeout=None, proxies=None, verify=True,                     debug=0 </msg>
<status status="PASS" starttime="20220525 21:30:05.865" endtime="20220525 21:30:05.865"/>
</kw>
<kw name="GET On Session" library="RequestsLibrary">
<var>${response}</var>
<arg>serveRest</arg>
<arg>/carrinhos</arg>
<arg>headers=${headers}</arg>
<doc>Sends a GET request on a previously created HTTP Session.</doc>
<msg timestamp="20220525 21:30:06.088" level="INFO">GET Request : url=https://serverest.dev/carrinhos 
 path_url=/carrinhos 
 headers={'User-Agent': 'python-requests/2.22.0', 'Accept-Encoding': 'gzip, deflate', 'Accept': '*/*', 'Connection': 'keep-alive', 'content-type': 'application/json'} 
 body=None 
 </msg>
<msg timestamp="20220525 21:30:06.089" level="INFO">GET Response : url=https://serverest.dev/carrinhos 
 status=200, reason=OK 
 headers={'access-control-allow-origin': '*', 'x-dns-prefetch-control': 'off', 'x-frame-options': 'SAMEORIGIN', 'strict-transport-security': 'max-age=15552000; includeSubDomains', 'x-download-options': 'noopen', 'x-content-type-options': 'nosniff', 'x-xss-protection': '1; mode=block', 'x-moesif-transaction-id': '4597e605-c1ef-44b2-a8fd-29a18646cf5f', 'content-type': 'application/json; charset=utf-8', 'X-Cloud-Trace-Context': '615d7d46c8b993aecf5dbd409149e649;o=1', 'Date': 'Wed, 25 May 2022 21:30:06 GMT', 'Server': 'Google Frontend', 'Content-Length': '595'} 
 body={
    "quantidade": 1,
    "carrinhos": [
        {
            "produtos": [
                {
                    "idProduto": "BeeJh5lz3k6kSIzA",
                    "quantidade": 2,
                    "precoUnitario": 470
                },
                {
                    "idProduto": "K6leHdftCeOJj8BJ",
                    "quantidade": 1,
                    "precoUnitario": 5240
                }
            ],
            "precoTotal": 6180,
            "quantidadeTotal": 3,
            "idUsuario": "oUb7aGkMtSEPf6BZ",
            "_id": "qbMqntef4iTOwWfg"
        }
    ]
} 
 </msg>
<msg timestamp="20220525 21:30:06.089" level="INFO">${response} = &lt;Response [200]&gt;</msg>
<status status="PASS" starttime="20220525 21:30:05.865" endtime="20220525 21:30:06.089"/>
</kw>
<kw name="Log" library="BuiltIn">
<arg>${response}</arg>
<doc>Logs the given message with the given level.</doc>
<msg timestamp="20220525 21:30:06.089" level="INFO">&lt;Response [200]&gt;</msg>
<status status="PASS" starttime="20220525 21:30:06.089" endtime="20220525 21:30:06.089"/>
</kw>
<kw name="Set Global Variable" library="BuiltIn">
<arg>${response}</arg>
<doc>Makes a variable available globally in all tests and suites.</doc>
<msg timestamp="20220525 21:30:06.090" level="INFO">${response} = &lt;Response [200]&gt;</msg>
<status status="PASS" starttime="20220525 21:30:06.090" endtime="20220525 21:30:06.090"/>
</kw>
<status status="PASS" starttime="20220525 21:30:05.863" endtime="20220525 21:30:06.090"/>
</kw>
<kw name="Should Be Equal As Numbers" library="BuiltIn">
<arg>${response.status_code}</arg>
<arg>200</arg>
<doc>Fails if objects are unequal after converting them to real numbers.</doc>
<msg timestamp="20220525 21:30:06.091" level="INFO">Argument types are:
&lt;class 'int'&gt;
&lt;class 'str'&gt;</msg>
<status status="PASS" starttime="20220525 21:30:06.090" endtime="20220525 21:30:06.091"/>
</kw>
<kw name="Validate Jsonschema From File" library="JsonValidator">
<arg>${response.json()}</arg>
<arg>${CART_SCHEMA}</arg>
<doc>Validate JSON according to schema, loaded from a file.</doc>
<status status="PASS" starttime="20220525 21:30:06.092" endtime="20220525 21:30:06.094"/>
</kw>
<tag>@regression</tag>
<tag>@schema</tag>
<tag>@schema_tests</tag>
<status status="PASS" starttime="20220525 21:30:05.863" endtime="20220525 21:30:06.094"/>
</test>
<doc>Car test for schema API</doc>
<status status="PASS" starttime="20220525 21:30:05.426" endtime="20220525 21:30:06.095"/>
</suite>
<suite id="s1-s1-s1-s1-s2" name="TestProdutosSchema" source="/home/runner/work/robot-api-stc/robot-api-stc/serverest/tests/schema-tests/TestProdutosSchema.robot">
<test id="s1-s1-s1-s1-s2-t1" name="Validate product API schema" line="9">
<kw name="Search All Products" library="ProdutoKW">
<doc>Used to search for all existing products.</doc>
<kw name="Create Dictionary" library="BuiltIn">
<var>${headers}</var>
<arg>content-type=application/json</arg>
<doc>Creates and returns a dictionary based on the given ``items``.</doc>
<msg timestamp="20220525 21:30:06.103" level="INFO">${headers} = {'content-type': 'application/json'}</msg>
<status status="PASS" starttime="20220525 21:30:06.103" endtime="20220525 21:30:06.103"/>
</kw>
<kw name="Create Session" library="RequestsLibrary">
<arg>serveRest</arg>
<arg>${URL_DEV}</arg>
<arg>verify=True</arg>
<doc>Create Session: create a HTTP session to a server</doc>
<msg timestamp="20220525 21:30:06.103" level="INFO">Creating Session using : alias=serveRest, url=https://serverest.dev, headers={},                     cookies={}, auth=None, timeout=None, proxies=None, verify=True,                     debug=0 </msg>
<status status="PASS" starttime="20220525 21:30:06.103" endtime="20220525 21:30:06.104"/>
</kw>
<kw name="GET On Session" library="RequestsLibrary">
<var>${response}</var>
<arg>serveRest</arg>
<arg>/produtos</arg>
<arg>headers=${headers}</arg>
<doc>Sends a GET request on a previously created HTTP Session.</doc>
<msg timestamp="20220525 21:30:06.212" level="INFO">GET Request : url=https://serverest.dev/produtos 
 path_url=/produtos 
 headers={'User-Agent': 'python-requests/2.22.0', 'Accept-Encoding': 'gzip, deflate', 'Accept': '*/*', 'Connection': 'keep-alive', 'content-type': 'application/json'} 
 body=None 
 </msg>
<msg timestamp="20220525 21:30:06.212" level="INFO">GET Response : url=https://serverest.dev/produtos 
 status=200, reason=OK 
 headers={'access-control-allow-origin': '*', 'x-dns-prefetch-control': 'off', 'x-frame-options': 'SAMEORIGIN', 'strict-transport-security': 'max-age=15552000; includeSubDomains', 'x-download-options': 'noopen', 'x-content-type-options': 'nosniff', 'x-xss-protection': '1; mode=block', 'x-moesif-transaction-id': 'fa179ae5-60ca-4a9e-9134-87673c63ea58', 'content-type': 'application/json; charset=utf-8', 'X-Cloud-Trace-Context': 'b8be0b3622982b0cf903860741ea569c', 'Date': 'Wed, 25 May 2022 21:30:06 GMT', 'Server': 'Google Frontend', 'Content-Length': '435'} 
 body={
    "quantidade": 2,
    "produtos": [
        {
            "nome": "Logitech MX Vertical",
            "preco": 470,
            "descricao": "Mouse",
            "quantidade": 382,
            "_id": "BeeJh5lz3k6kSIzA"
        },
        {
            "nome": "Samsung 60 polegadas",
            "preco": 5240,
            "descricao": "TV",
            "quantidade": 49977,
            "_id": "K6leHdftCeOJj8BJ"
        }
    ]
} 
 </msg>
<msg timestamp="20220525 21:30:06.213" level="INFO">${response} = &lt;Response [200]&gt;</msg>
<status status="PASS" starttime="20220525 21:30:06.104" endtime="20220525 21:30:06.213"/>
</kw>
<kw name="Log" library="BuiltIn">
<arg>${response}</arg>
<doc>Logs the given message with the given level.</doc>
<msg timestamp="20220525 21:30:06.213" level="INFO">&lt;Response [200]&gt;</msg>
<status status="PASS" starttime="20220525 21:30:06.213" endtime="20220525 21:30:06.213"/>
</kw>
<kw name="Set Test Variable" library="BuiltIn">
<arg>${response}</arg>
<doc>Makes a variable available everywhere within the scope of the current test.</doc>
<msg timestamp="20220525 21:30:06.214" level="INFO">${response} = &lt;Response [200]&gt;</msg>
<status status="PASS" starttime="20220525 21:30:06.213" endtime="20220525 21:30:06.214"/>
</kw>
<status status="PASS" starttime="20220525 21:30:06.102" endtime="20220525 21:30:06.214"/>
</kw>
<kw name="Should Be Equal As Strings" library="BuiltIn">
<arg>${response.status_code}</arg>
<arg>200</arg>
<doc>Fails if objects are unequal after converting them to strings.</doc>
<msg timestamp="20220525 21:30:06.215" level="INFO">Argument types are:
&lt;class 'int'&gt;
&lt;class 'str'&gt;</msg>
<status status="PASS" starttime="20220525 21:30:06.214" endtime="20220525 21:30:06.215"/>
</kw>
<kw name="Validate Jsonschema From File" library="JsonValidator">
<arg>${response.json()}</arg>
<arg>${PRODUCT_SCHEMA}</arg>
<doc>Validate JSON according to schema, loaded from a file.</doc>
<status status="PASS" starttime="20220525 21:30:06.215" endtime="20220525 21:30:06.217"/>
</kw>
<tag>@regression</tag>
<tag>@schema</tag>
<tag>@schema_tests</tag>
<status status="PASS" starttime="20220525 21:30:06.102" endtime="20220525 21:30:06.217"/>
</test>
<doc>Product test for schema API</doc>
<status status="PASS" starttime="20220525 21:30:06.096" endtime="20220525 21:30:06.217"/>
</suite>
<suite id="s1-s1-s1-s1-s3" name="TestUsuariosSchema" source="/home/runner/work/robot-api-stc/robot-api-stc/serverest/tests/schema-tests/TestUsuariosSchema.robot">
<test id="s1-s1-s1-s1-s3-t1" name="Validate user API schema" line="9">
<kw name="Search All Users" library="UsuarioKW">
<doc>Used to search for all existing users.</doc>
<kw name="Create Dictionary" library="BuiltIn">
<var>${headers}</var>
<arg>content-type=application/json</arg>
<doc>Creates and returns a dictionary based on the given ``items``.</doc>
<msg timestamp="20220525 21:30:06.226" level="INFO">${headers} = {'content-type': 'application/json'}</msg>
<status status="PASS" starttime="20220525 21:30:06.225" endtime="20220525 21:30:06.226"/>
</kw>
<kw name="Create Session" library="RequestsLibrary">
<arg>serveRest</arg>
<arg>${URL_DEV}</arg>
<arg>verify=True</arg>
<doc>Create Session: create a HTTP session to a server</doc>
<msg timestamp="20220525 21:30:06.226" level="INFO">Creating Session using : alias=serveRest, url=https://serverest.dev, headers={},                     cookies={}, auth=None, timeout=None, proxies=None, verify=True,                     debug=0 </msg>
<status status="PASS" starttime="20220525 21:30:06.226" endtime="20220525 21:30:06.226"/>
</kw>
<kw name="GET On Session" library="RequestsLibrary">
<var>${response}</var>
<arg>serveRest</arg>
<arg>/usuarios</arg>
<arg>headers=${headers}</arg>
<doc>Sends a GET request on a previously created HTTP Session.</doc>
<msg timestamp="20220525 21:30:06.329" level="INFO">GET Request : url=https://serverest.dev/usuarios 
 path_url=/usuarios 
 headers={'User-Agent': 'python-requests/2.22.0', 'Accept-Encoding': 'gzip, deflate', 'Accept': '*/*', 'Connection': 'keep-alive', 'content-type': 'application/json'} 
 body=None 
 </msg>
<msg timestamp="20220525 21:30:06.329" level="INFO">GET Response : url=https://serverest.dev/usuarios 
 status=200, reason=OK 
 headers={'access-control-allow-origin': '*', 'x-dns-prefetch-control': 'off', 'x-frame-options': 'SAMEORIGIN', 'strict-transport-security': 'max-age=15552000; includeSubDomains', 'x-download-options': 'noopen', 'x-content-type-options': 'nosniff', 'x-xss-protection': '1; mode=block', 'x-moesif-transaction-id': '72d61a32-3509-46cb-ac83-b62d66754e6e', 'content-type': 'application/json; charset=utf-8', 'X-Cloud-Trace-Context': '21cc7d52f85b43d81871cc948e719981', 'Date': 'Wed, 25 May 2022 21:30:06 GMT', 'Server': 'Google Frontend', 'Content-Length': '253'} 
 body={
    "quantidade": 1,
    "usuarios": [
        {
            "nome": "Fulano da Silva",
            "email": "fulano@qa.com",
            "password": "teste",
            "administrador": "true",
            "_id": "0uxuPY0cbmQhpEz1"
        }
    ]
} 
 </msg>
<msg timestamp="20220525 21:30:06.329" level="INFO">${response} = &lt;Response [200]&gt;</msg>
<status status="PASS" starttime="20220525 21:30:06.226" endtime="20220525 21:30:06.329"/>
</kw>
<kw name="Log" library="BuiltIn">
<arg>${response}</arg>
<doc>Logs the given message with the given level.</doc>
<msg timestamp="20220525 21:30:06.330" level="INFO">&lt;Response [200]&gt;</msg>
<status status="PASS" starttime="20220525 21:30:06.329" endtime="20220525 21:30:06.330"/>
</kw>
<kw name="Set Test Variable" library="BuiltIn">
<arg>${response}</arg>
<doc>Makes a variable available everywhere within the scope of the current test.</doc>
<msg timestamp="20220525 21:30:06.330" level="INFO">${response} = &lt;Response [200]&gt;</msg>
<status status="PASS" starttime="20220525 21:30:06.330" endtime="20220525 21:30:06.330"/>
</kw>
<status status="PASS" starttime="20220525 21:30:06.225" endtime="20220525 21:30:06.330"/>
</kw>
<kw name="Should Be Equal As Strings" library="BuiltIn">
<arg>${response.status_code}</arg>
<arg>200</arg>
<doc>Fails if objects are unequal after converting them to strings.</doc>
<msg timestamp="20220525 21:30:06.332" level="INFO">Argument types are:
&lt;class 'int'&gt;
&lt;class 'str'&gt;</msg>
<status status="PASS" starttime="20220525 21:30:06.330" endtime="20220525 21:30:06.333"/>
</kw>
<kw name="Validate Jsonschema From File" library="JsonValidator">
<arg>${response.json()}</arg>
<arg>${USER_SCHEMA}</arg>
<doc>Validate JSON according to schema, loaded from a file.</doc>
<status status="PASS" starttime="20220525 21:30:06.333" endtime="20220525 21:30:06.336"/>
</kw>
<tag>@regression</tag>
<tag>@schema</tag>
<tag>@schema_tests</tag>
<status status="PASS" starttime="20220525 21:30:06.224" endtime="20220525 21:30:06.336"/>
</test>
<doc>User test for schema API</doc>
<status status="PASS" starttime="20220525 21:30:06.218" endtime="20220525 21:30:06.337"/>
</suite>
<doc>API for schema tests</doc>
<status status="PASS" starttime="20220525 21:30:05.424" endtime="20220525 21:30:06.339"/>
</suite>
<status status="PASS" starttime="20220525 21:30:05.422" endtime="20220525 21:30:06.340"/>
</suite>
<status status="PASS" starttime="20220525 21:30:05.420" endtime="20220525 21:30:06.342"/>
</suite>
<status status="PASS" starttime="20220525 21:30:05.392" endtime="20220525 21:30:06.343"/>
</suite>
<statistics>
<total>
<stat pass="3" fail="0" skip="0">All Tests</stat>
</total>
<tag>
<stat pass="3" fail="0" skip="0">@regression</stat>
<stat pass="3" fail="0" skip="0">@schema</stat>
<stat pass="3" fail="0" skip="0">@schema_tests</stat>
</tag>
<suite>
<stat pass="3" fail="0" skip="0" id="s1" name="Robot-Api-Stc">Robot-Api-Stc</stat>
<stat pass="3" fail="0" skip="0" id="s1-s1" name="Serverest">Robot-Api-Stc.Serverest</stat>
<stat pass="3" fail="0" skip="0" id="s1-s1-s1" name="Tests">Robot-Api-Stc.Serverest.Tests</stat>
<stat pass="3" fail="0" skip="0" id="s1-s1-s1-s1" name="Schema-Tests">Robot-Api-Stc.Serverest.Tests.Schema-Tests</stat>
<stat pass="1" fail="0" skip="0" id="s1-s1-s1-s1-s1" name="TestCarrinhosSchema">Robot-Api-Stc.Serverest.Tests.Schema-Tests.TestCarrinhosSchema</stat>
<stat pass="1" fail="0" skip="0" id="s1-s1-s1-s1-s2" name="TestProdutosSchema">Robot-Api-Stc.Serverest.Tests.Schema-Tests.TestProdutosSchema</stat>
<stat pass="1" fail="0" skip="0" id="s1-s1-s1-s1-s3" name="TestUsuariosSchema">Robot-Api-Stc.Serverest.Tests.Schema-Tests.TestUsuariosSchema</stat>
</suite>
</statistics>
<errors>
</errors>
</robot>
